ERROR: 2018/10/31 09:51:01 log.go:59: Start up Error log
ERROR: 2018/10/31 09:51:01 storage.go:337: Open file error: /home/wangld/Desktop/gopath/src/agenda/data/curUser.txt
ERROR: 2018/10/31 09:51:01 storage.go:41: readFromFile fail: open /home/wangld/Desktop/gopath/src/agenda/data/curUser.txt: no such file or directory
ERROR: 2018/10/31 09:51:17 log.go:59: Start up Error log
ERROR: 2018/10/31 09:51:17 storage.go:337: Open file error: /home/wangld/Desktop/gopath/src/agenda/data/curUser.txt
ERROR: 2018/10/31 09:51:17 storage.go:41: readFromFile fail: open /home/wangld/Desktop/gopath/src/agenda/data/curUser.txt: no such file or directory
ERROR: 2018/10/31 09:51:44 log.go:59: Start up Error log
ERROR: 2018/10/31 09:51:44 storage.go:337: Open file error: /home/wangld/Desktop/gopath/src/agenda/data/curUser.txt
ERROR: 2018/10/31 09:51:44 storage.go:41: readFromFile fail: open /home/wangld/Desktop/gopath/src/agenda/data/curUser.txt: no such file or directory
ERROR: 2018/10/31 09:52:49 log.go:59: Start up Error log
ERROR: 2018/10/31 09:52:49 storage.go:337: Open file error: /home/wangld/Desktop/gopath/src/agenda/data/curUser.txt
ERROR: 2018/10/31 09:52:49 storage.go:41: readFromFile fail: open /home/wangld/Desktop/gopath/src/agenda/data/curUser.txt: no such file or directory
ERROR: 2018/10/31 09:53:11 log.go:59: Start up Error log
ERROR: 2018/10/31 09:53:11 storage.go:337: Open file error: /home/wangld/Desktop/gopath/src/agenda/data/curUser.txt
ERROR: 2018/10/31 09:53:11 storage.go:41: readFromFile fail: open /home/wangld/Desktop/gopath/src/agenda/data/curUser.txt: no such file or directory
ERROR: 2018/10/31 09:53:28 log.go:59: Start up Error log
ERROR: 2018/10/31 09:53:28 storage.go:337: Open file error: /home/wangld/Desktop/gopath/src/agenda/data/curUser.txt
ERROR: 2018/10/31 09:53:28 storage.go:41: readFromFile fail: open /home/wangld/Desktop/gopath/src/agenda/data/curUser.txt: no such file or directory
ERROR: 2018/10/31 09:53:38 log.go:59: Start up Error log
ERROR: 2018/10/31 09:53:55 log.go:59: Start up Error log
ERROR: 2018/10/31 09:54:05 log.go:59: Start up Error log
ERROR: 2018/10/31 09:54:31 log.go:59: Start up Error log
ERROR: 2018/10/31 09:54:52 log.go:59: Start up Error log
ERROR: 2018/10/31 09:56:10 log.go:59: Start up Error log
ERROR: 2018/10/31 10:41:40 log.go:59: Start up Error log
ERROR: 2018/10/31 10:42:39 log.go:58: Start up Error log
ERROR: 2018/10/31 10:42:56 log.go:58: Start up Error log
ERROR: 2018/10/31 10:43:45 log.go:58: Start up Error log
ERROR: 2018/10/31 10:43:50 log.go:58: Start up Error log
ERROR: 2018/10/31 10:44:04 log.go:58: Start up Error log
ERROR: 2018/10/31 11:04:21 log.go:58: Start up Error log
ERROR: 2018/10/31 16:44:13 log.go:58: Start up Error log
ERROR: 2018/10/31 16:44:25 log.go:58: Start up Error log
ERROR: 2018/10/31 16:44:42 log.go:58: Start up Error log
ERROR: 2018/10/31 16:45:00 log.go:58: Start up Error log
ERROR: 2018/10/31 16:46:24 log.go:58: Start up Error log
ERROR: 2018/10/31 16:46:46 log.go:58: Start up Error log
ERROR: 2018/10/31 16:47:49 log.go:58: Start up Error log
ERROR: 2018/10/31 16:47:49 agendaservice.go:104: Create Meeting: no such a user :  123
ERROR: 2018/10/31 16:48:04 log.go:58: Start up Error log
ERROR: 2018/10/31 16:48:25 log.go:58: Start up Error log
ERROR: 2018/10/31 16:48:25 agendaservice.go:104: Create Meeting: no such a user :   test2
ERROR: 2018/10/31 16:48:49 log.go:58: Start up Error log
ERROR: 2018/10/31 16:48:49 agendaservice.go:127: Create Meeting: Wrong Date
ERROR: 2018/10/31 16:48:59 log.go:58: Start up Error log
ERROR: 2018/10/31 16:48:59 agendaservice.go:127: Create Meeting: Wrong Date
ERROR: 2018/10/31 16:49:30 log.go:58: Start up Error log
ERROR: 2018/10/31 16:49:30 agendaservice.go:127: Create Meeting: Wrong Date
ERROR: 2018/10/31 16:49:37 log.go:58: Start up Error log
ERROR: 2018/10/31 16:49:37 agendaservice.go:127: Create Meeting: Wrong Date
ERROR: 2018/10/31 16:51:34 log.go:58: Start up Error log
ERROR: 2018/10/31 16:52:18 log.go:58: Start up Error log
ERROR: 2018/10/31 16:52:18 agendaservice.go:177: Create Meeting:  wangld5  time conflict
ERROR: 2018/10/31 16:53:02 log.go:58: Start up Error log
ERROR: 2018/10/31 16:53:18 log.go:58: Start up Error log
ERROR: 2018/10/31 16:53:41 log.go:58: Start up Error log
ERROR: 2018/10/31 16:57:17 log.go:58: Start up Error log
ERROR: 2018/10/31 16:57:23 log.go:58: Start up Error log
ERROR: 2018/10/31 16:57:37 log.go:58: Start up Error log
ERROR: 2018/10/31 16:57:41 log.go:58: Start up Error log
ERROR: 2018/10/31 16:58:40 log.go:58: Start up Error log
ERROR: 2018/10/31 16:58:44 log.go:58: Start up Error log
ERROR: 2018/10/31 17:03:54 log.go:58: Start up Error log
ERROR: 2018/10/31 17:04:14 log.go:58: Start up Error log
ERROR: 2018/10/31 17:04:20 log.go:58: Start up Error log
ERROR: 2018/10/31 17:04:37 log.go:58: Start up Error log
ERROR: 2018/10/31 17:04:42 log.go:58: Start up Error log
ERROR: 2018/10/31 17:04:51 log.go:58: Start up Error log
ERROR: 2018/10/31 17:04:55 log.go:58: Start up Error log
ERROR: 2018/10/31 17:07:45 log.go:58: Start up Error log
ERROR: 2018/10/31 17:08:02 log.go:58: Start up Error log
ERROR: 2018/10/31 17:08:06 log.go:58: Start up Error log
ERROR: 2018/10/31 17:08:55 log.go:58: Start up Error log
ERROR: 2018/10/31 17:09:07 log.go:58: Start up Error log
ERROR: 2018/10/31 17:09:19 log.go:58: Start up Error log
ERROR: 2018/10/31 17:09:54 log.go:58: Start up Error log
ERROR: 2018/10/31 17:10:14 log.go:58: Start up Error log
ERROR: 2018/10/31 17:10:18 log.go:58: Start up Error log
ERROR: 2018/10/31 17:10:41 log.go:58: Start up Error log
ERROR: 2018/10/31 17:10:45 log.go:58: Start up Error log
ERROR: 2018/10/31 17:16:56 log.go:58: Start up Error log
ERROR: 2018/10/31 17:17:59 log.go:58: Start up Error log
ERROR: 2018/10/31 17:17:59 agendaservice.go:127: Create Meeting: Wrong Date
ERROR: 2018/10/31 17:19:08 log.go:58: Start up Error log
ERROR: 2018/10/31 17:19:40 log.go:58: Start up Error log
ERROR: 2018/10/31 17:20:16 log.go:58: Start up Error log
ERROR: 2018/10/31 17:20:33 log.go:58: Start up Error log
ERROR: 2018/10/31 17:20:37 log.go:58: Start up Error log
ERROR: 2018/10/31 17:22:27 log.go:58: Start up Error log
ERROR: 2018/10/31 17:22:51 log.go:58: Start up Error log
ERROR: 2018/10/31 17:23:08 log.go:58: Start up Error log
ERROR: 2018/10/31 17:23:12 log.go:58: Start up Error log
ERROR: 2018/10/31 17:24:38 log.go:58: Start up Error log
ERROR: 2018/10/31 17:24:47 log.go:58: Start up Error log
ERROR: 2018/10/31 17:25:59 log.go:58: Start up Error log
ERROR: 2018/10/31 17:26:02 log.go:58: Start up Error log
ERROR: 2018/10/31 17:31:14 log.go:58: Start up Error log
ERROR: 2018/10/31 17:31:33 log.go:58: Start up Error log
ERROR: 2018/10/31 17:31:39 log.go:58: Start up Error log
ERROR: 2018/10/31 17:32:13 log.go:58: Start up Error log
ERROR: 2018/10/31 17:35:28 log.go:58: Start up Error log
ERROR: 2018/10/31 17:35:43 log.go:58: Start up Error log
ERROR: 2018/10/31 17:35:57 log.go:58: Start up Error log
ERROR: 2018/10/31 17:36:04 log.go:58: Start up Error log
ERROR: 2018/11/01 19:03:38 log.go:58: Start up Error log
ERROR: 2018/11/01 19:03:52 log.go:58: Start up Error log
ERROR: 2018/11/01 19:04:06 log.go:58: Start up Error log
ERROR: 2018/11/01 19:04:15 log.go:58: Start up Error log
ERROR: 2018/11/01 19:04:56 log.go:58: Start up Error log
ERROR: 2018/11/01 19:06:02 log.go:58: Start up Error log
ERROR: 2018/11/01 19:06:18 log.go:58: Start up Error log
ERROR: 2018/11/01 19:07:27 log.go:58: Start up Error log
ERROR: 2018/11/01 19:08:08 log.go:58: Start up Error log
ERROR: 2018/11/01 19:08:16 log.go:58: Start up Error log
